                                     G D M A

                                 by Anthony Stone

                           version 2.2.03, 21 June 2007

               Distributed Multipoles from Gaussian wavefunctions


Starting at 14:32:18 on 21 Aug 2020 

GDMA



Using SCF density matrix from file ../fchks/acrolein_opt.chk.fchk


                         Distributed Multipole Analysis

Standard DMA for products of primitives with exponent greater than 4.00000
Using 80-point Euler-MacLaurin radial quadrature
Using 590-point Lebedev quadrature
Becke smoothing parameter = 3

Positions and radii in angstrom
Multipole moments in atomic units, ea_0^k for rank k

C          x = -0.671462  y =  0.348334  z =  0.000074
           Maximum rank =  2   Radius =  0.650
                   Q00  =   0.175192
|Q1| =   0.127394  Q10  =  -0.000011  Q11c =  -0.099657  Q11s =  -0.079358
|Q2| =   0.528189  Q20  =  -0.501666  Q21c =   0.000019  Q21s =  -0.000040
                   Q22c =   0.164943  Q22s =   0.010442

O          x = -1.787933  y = -0.120361  z = -0.000039
           Maximum rank =  2   Radius =  0.650
                   Q00  =  -0.374784
|Q1| =   0.405593  Q10  =   0.000023  Q11c =   0.372707  Q11s =   0.159983
|Q2| =   0.939039  Q20  =  -0.172262  Q21c =   0.000103  Q21s =   0.000070
                   Q22c =   0.685932  Q22s =   0.617752

C          x =  0.560966  y = -0.450812  z =  0.000018
           Maximum rank =  2   Radius =  0.650
                   Q00  =  -0.093538
|Q1| =   0.095282  Q10  =  -0.000004  Q11c =  -0.093928  Q11s =   0.016002
|Q2| =   1.129244  Q20  =  -1.108679  Q21c =  -0.000058  Q21s =   0.000008
                   Q22c =   0.176882  Q22s =   0.121395

C          x =  1.754112  y =  0.142819  z = -0.000020
           Maximum rank =  2   Radius =  0.650
                   Q00  =  -0.071388
|Q1| =   0.034790  Q10  =   0.000001  Q11c =  -0.031487  Q11s =  -0.014795
|Q2| =   1.096124  Q20  =  -1.071363  Q21c =  -0.000060  Q21s =   0.000015
                   Q22c =   0.194766  Q22s =   0.125434

H          x =  0.447185  y = -1.525613  z =  0.000017
           Maximum rank =  2   Radius =  0.325
                   Q00  =   0.109765
|Q1| =   0.121127  Q10  =  -0.000002  Q11c =  -0.011082  Q11s =   0.120619
|Q2| =   0.174593  Q20  =  -0.148248  Q21c =  -0.000003  Q21s =   0.000002
                   Q22c =  -0.086033  Q22s =   0.033221

H          x =  1.832945  y =  1.221664  z = -0.000015
           Maximum rank =  2   Radius =  0.325
                   Q00  =   0.082730
|Q1| =   0.125227  Q11c =  -0.041700  Q11s =  -0.118080
|Q2| =   0.190563  Q20  =  -0.147900  Q21c =  -0.000004  Q22c =  -0.114518
                   Q22s =   0.036409

H          x =  2.675438  y = -0.418434  z = -0.000049
           Maximum rank =  2   Radius =  0.325
                   Q00  =   0.081984
|Q1| =   0.115645  Q10  =   0.000006  Q11c =  -0.109143  Q11s =   0.038233
|Q2| =   0.207729  Q20  =  -0.146471  Q21c =  -0.000008  Q21s =   0.000005
                   Q22c =   0.078259  Q22s =  -0.124792

H          x = -0.513794  y =  1.443219  z = -0.000070
           Maximum rank =  2   Radius =  0.325
                   Q00  =   0.090039
|Q1| =   0.145068  Q10  =  -0.000003  Q11c =  -0.024971  Q11s =  -0.142902
|Q2| =   0.132702  Q20  =  -0.120870  Q21c =   0.000001  Q21s =  -0.000039
                   Q22c =  -0.054769  Q22s =  -0.000689

Total multipoles
referred to origin at x =   0.000000,  y =    0.000000,  z =    0.000000
                   Q00  =  -0.000002
|Q1| =   1.406807  Q10  =   0.000043  Q11c =   1.375323  Q11s =   0.295960
|Q2| =   3.876753  Q20  =  -0.464407  Q21c =  -0.000383  Q21s =  -0.000059
                   Q22c =  -3.661540  Q22s =  -1.186027

CPU time used:      1m38.840s          Total:      1m38.840s

Finished at 14:33:57 on 21 Aug 2020 
