                                     G D M A

                                 by Anthony Stone

                           version 2.2.03, 21 June 2007

               Distributed Multipoles from Gaussian wavefunctions


Starting at 14:32:18 on 21 Aug 2020 

GDMA



Using SCF density matrix from file ../fchks/butane_opt.chk.fchk


                         Distributed Multipole Analysis

Standard DMA for products of primitives with exponent greater than 4.00000
Using 80-point Euler-MacLaurin radial quadrature
Using 590-point Lebedev quadrature
Becke smoothing parameter = 3

Positions and radii in angstrom
Multipole moments in atomic units, ea_0^k for rank k

C          x =  1.948575  y =  0.119964  z =  0.000105
           Maximum rank =  2   Radius =  0.650
                   Q00  =  -0.142595
|Q1| =   0.033676  Q10  =  -0.000013  Q11c =  -0.033380  Q11s =  -0.004456
|Q2| =   0.162833  Q20  =  -0.067853  Q21c =   0.000049  Q21s =  -0.000036
                   Q22c =   0.146805  Q22s =   0.018941

C          x =  0.562434  y = -0.514660  z = -0.000117
           Maximum rank =  2   Radius =  0.650
                   Q00  =  -0.151986
|Q1| =   0.033210  Q10  =   0.000009  Q11c =  -0.032082  Q11s =   0.008583
|Q2| =   0.145642  Q20  =  -0.093852  Q21c =  -0.000031  Q21s =  -0.000011
                   Q22c =   0.102716  Q22s =  -0.043044

H          x =  2.733832  y = -0.633651  z = -0.000162
           Maximum rank =  2   Radius =  0.325
                   Q00  =   0.050608
|Q1| =   0.150076  Q10  =   0.000025  Q11c =  -0.129619  Q11s =   0.075643
|Q2| =   0.173917  Q20  =  -0.115161  Q21c =  -0.000047  Q21s =   0.000069
                   Q22c =   0.004696  Q22s =  -0.130241

H          x =  2.089904  y =  0.747158  z =  0.879518
           Maximum rank =  2   Radius =  0.325
                   Q00  =   0.054735
|Q1| =   0.155489  Q10  =  -0.109681  Q11c =  -0.062835  Q11s =  -0.090546
|Q2| =   0.157809  Q20  =   0.067307  Q21c =   0.012782  Q21s =   0.139046
                   Q22c =  -0.007800  Q22s =   0.028554

H          x =  2.089908  y =  0.747778  z = -0.878866
           Maximum rank =  2   Radius =  0.325
                   Q00  =   0.054738
|Q1| =   0.155490  Q10  =   0.109619  Q11c =  -0.062841  Q11s =  -0.090620
|Q2| =   0.157801  Q20  =   0.067125  Q21c =  -0.012761  Q21s =  -0.139121
                   Q22c =  -0.007895  Q22s =   0.028557

C          x = -0.562435  y =  0.514659  z = -0.000117
           Maximum rank =  2   Radius =  0.650
                   Q00  =  -0.151986
|Q1| =   0.033210  Q10  =   0.000009  Q11c =   0.032082  Q11s =  -0.008583
|Q2| =   0.145642  Q20  =  -0.093854  Q21c =   0.000031  Q21s =   0.000011
                   Q22c =   0.102716  Q22s =  -0.043043

H          x =  0.455404  y = -1.161222  z =  0.873130
           Maximum rank =  2   Radius =  0.325
                   Q00  =   0.067261
|Q1| =   0.162718  Q10  =  -0.110115  Q11c =   0.008057  Q11s =   0.119528
|Q2| =   0.122311  Q20  =   0.038000  Q21c =  -0.014377  Q21s =  -0.114216
                   Q22c =   0.016215  Q22s =  -0.001021

H          x =  0.455582  y = -1.161004  z = -0.873546
           Maximum rank =  2   Radius =  0.325
                   Q00  =   0.067257
|Q1| =   0.162719  Q10  =   0.110145  Q11c =   0.008044  Q11s =   0.119502
|Q2| =   0.122316  Q20  =   0.038073  Q21c =   0.014364  Q21s =   0.114197
                   Q22c =   0.016226  Q22s =  -0.001053

C          x = -1.948575  y = -0.119964  z =  0.000105
           Maximum rank =  2   Radius =  0.650
                   Q00  =  -0.142595
|Q1| =   0.033676  Q10  =  -0.000013  Q11c =   0.033380  Q11s =   0.004456
|Q2| =   0.162834  Q20  =  -0.067853  Q21c =  -0.000050  Q21s =   0.000037
                   Q22c =   0.146807  Q22s =   0.018942

H          x = -0.455581  y =  1.161004  z = -0.873546
           Maximum rank =  2   Radius =  0.325
                   Q00  =   0.067257
|Q1| =   0.162719  Q10  =   0.110145  Q11c =  -0.008044  Q11s =  -0.119502
|Q2| =   0.122316  Q20  =   0.038073  Q21c =  -0.014364  Q21s =  -0.114197
                   Q22c =   0.016226  Q22s =  -0.001053

H          x = -0.455404  y =  1.161222  z =  0.873129
           Maximum rank =  2   Radius =  0.325
                   Q00  =   0.067261
|Q1| =   0.162718  Q10  =  -0.110115  Q11c =  -0.008057  Q11s =  -0.119528
|Q2| =   0.122311  Q20  =   0.038000  Q21c =   0.014377  Q21s =   0.114216
                   Q22c =   0.016215  Q22s =  -0.001021

H          x = -2.089909  y = -0.747779  z = -0.878866
           Maximum rank =  2   Radius =  0.325
                   Q00  =   0.054738
|Q1| =   0.155490  Q10  =   0.109619  Q11c =   0.062841  Q11s =   0.090620
|Q2| =   0.157801  Q20  =   0.067125  Q21c =   0.012761  Q21s =   0.139121
                   Q22c =  -0.007895  Q22s =   0.028557

H          x = -2.733832  y =  0.633651  z = -0.000163
           Maximum rank =  2   Radius =  0.325
                   Q00  =   0.050608
|Q1| =   0.150076  Q10  =   0.000026  Q11c =   0.129619  Q11s =  -0.075643
|Q2| =   0.173917  Q20  =  -0.115161  Q21c =   0.000047  Q21s =  -0.000069
                   Q22c =   0.004696  Q22s =  -0.130241

H          x = -2.089905  y = -0.747157  z =  0.879518
           Maximum rank =  2   Radius =  0.325
                   Q00  =   0.054735
|Q1| =   0.155489  Q10  =  -0.109681  Q11c =   0.062835  Q11s =   0.090546
|Q2| =   0.157809  Q20  =   0.067307  Q21c =  -0.012782  Q21s =  -0.139046
                   Q22c =  -0.007799  Q22s =   0.028554

Total multipoles
referred to origin at x =   0.000000,  y =    0.000000,  z =    0.000000
                   Q00  =   0.000037
|Q1| =   0.000011  Q10  =  -0.000011
|Q2| =   1.071344  Q20  =   0.831618  Q21c =  -0.000001  Q21s =   0.000001
                   Q22c =  -0.484215  Q22s =  -0.470878

CPU time used:      5m34.415s          Total:      5m34.415s

Finished at 14:37:53 on 21 Aug 2020 
