                                     G D M A

                                 by Anthony Stone

                           version 2.2.03, 21 June 2007

               Distributed Multipoles from Gaussian wavefunctions


Starting at 14:32:18 on 21 Aug 2020 

GDMA



Using SCF density matrix from file ../fchks/butadiene_opt.chk.fchk


                         Distributed Multipole Analysis

Standard DMA for products of primitives with exponent greater than 4.00000
Using 80-point Euler-MacLaurin radial quadrature
Using 590-point Lebedev quadrature
Becke smoothing parameter = 3

Positions and radii in angstrom
Multipole moments in atomic units, ea_0^k for rank k

C          x =  1.838509  y = -0.109937  z =  0.000000
           Maximum rank =  2   Radius =  0.650
                   Q00  =  -0.122190
|Q1| =   0.047367  Q11c =  -0.047174  Q11s =   0.004272
|Q2| =   1.278435  Q20  =  -1.257337  Q22c =   0.209838  Q22s =  -0.097306

C          x =  0.604918  y =  0.401133  z = -0.000000
           Maximum rank =  2   Radius =  0.650
                   Q00  =  -0.102090
|Q1| =   0.076286  Q11c =  -0.069216  Q11s =  -0.032073
|Q2| =   1.160395  Q20  =  -1.146234  Q22c =   0.177981  Q22s =  -0.031433

C          x = -0.604917  y = -0.401128  z = -0.000000
           Maximum rank =  2   Radius =  0.650
                   Q00  =  -0.102090
|Q1| =   0.076287  Q11c =   0.069217  Q11s =   0.032073
|Q2| =   1.160397  Q20  =  -1.146235  Q22c =   0.177987  Q22s =  -0.031438

C          x = -1.838511  y =  0.109934  z = -0.000000
           Maximum rank =  2   Radius =  0.650
                   Q00  =  -0.122190
|Q1| =   0.047367  Q11c =   0.047174  Q11s =  -0.004272
|Q2| =   1.278435  Q20  =  -1.257338  Q22c =   0.209832  Q22s =  -0.097308

H          x =  2.712236  y =  0.522670  z = -0.000000
           Maximum rank =  2   Radius =  0.325
                   Q00  =   0.066378
|Q1| =   0.126926  Q11c =  -0.115435  Q11s =  -0.052772
|Q2| =   0.220888  Q20  =  -0.164796  Q22c =   0.058556  Q22s =   0.134927

H          x =  2.001079  y = -1.178668  z =  0.000000
           Maximum rank =  2   Radius =  0.325
                   Q00  =   0.070593
|Q1| =   0.133481  Q11c =  -0.055407  Q11s =   0.121438
|Q2| =   0.201765  Q20  =  -0.160392  Q22c =  -0.112491  Q22s =  -0.048266

H          x =  0.472554  y =  1.476650  z = -0.000000
           Maximum rank =  2   Radius =  0.325
                   Q00  =   0.087319
|Q1| =   0.138159  Q11c =   0.006062  Q11s =  -0.138026
|Q2| =   0.171471  Q20  =  -0.148605  Q22c =  -0.083239  Q22s =  -0.019751

H          x = -0.472543  y = -1.476644  z =  0.000000
           Maximum rank =  2   Radius =  0.325
                   Q00  =   0.087319
|Q1| =   0.138159  Q11c =  -0.006062  Q11s =   0.138026
|Q2| =   0.171471  Q20  =  -0.148605  Q22c =  -0.083237  Q22s =  -0.019753

H          x = -2.001093  y =  1.178662  z =  0.000000
           Maximum rank =  2   Radius =  0.325
                   Q00  =   0.070594
|Q1| =   0.133480  Q11c =   0.055407  Q11s =  -0.121437
|Q2| =   0.201766  Q20  =  -0.160391  Q22c =  -0.112490  Q22s =  -0.048269

H          x = -2.712230  y = -0.522684  z =  0.000000
           Maximum rank =  2   Radius =  0.325
                   Q00  =   0.066378
|Q1| =   0.126926  Q11c =   0.115435  Q11s =   0.052772
|Q2| =   0.220888  Q20  =  -0.164796  Q22c =   0.058552  Q22s =   0.134928

Total multipoles
referred to origin at x =   0.000000,  y =    0.000000,  z =    0.000000
                   Q00  =   0.000022
|Q1| =   0.000002  Q11c =   0.000002  Q11s =   0.000001
|Q2| =   4.466506  Q20  =  -4.456728  Q21c =  -0.000001  Q22c =  -0.240175
                   Q22s =  -0.171934

CPU time used:      2m37.328s          Total:      2m37.328s

Finished at 14:34:56 on 21 Aug 2020 
