                                     G D M A

                                 by Anthony Stone

                           version 2.2.03, 21 June 2007

               Distributed Multipoles from Gaussian wavefunctions


Starting at 14:32:18 on 21 Aug 2020 

GDMA



Using SCF density matrix from file ../fchks/cyanomethane_opt.chk.fchk


                         Distributed Multipole Analysis

Standard DMA for products of primitives with exponent greater than 4.00000
Using 80-point Euler-MacLaurin radial quadrature
Using 590-point Lebedev quadrature
Becke smoothing parameter = 3

Positions and radii in angstrom
Multipole moments in atomic units, ea_0^k for rank k

C          x =  1.176909  y = -0.000001  z = -0.000009
           Maximum rank =  2   Radius =  0.650
                   Q00  =  -0.057565
|Q1| =   0.108551  Q10  =   0.000008  Q11c =  -0.108551  Q11s =  -0.000003
|Q2| =   0.132403  Q20  =  -0.066270  Q21c =   0.000015  Q21s =   0.000022
                   Q22c =   0.114625  Q22s =  -0.000011

C          x = -0.278714  y = -0.000026  z = -0.000007
           Maximum rank =  2   Radius =  0.650
                   Q00  =   0.025841
|Q1| =   0.003659  Q10  =  -0.000002  Q11c =  -0.003659  Q11s =  -0.000001
|Q2| =   1.081379  Q20  =  -0.540685  Q21c =  -0.000016  Q21s =  -0.000010
                   Q22c =   0.936504  Q22s =  -0.000036

N          x = -1.433880  y =  0.000011  z =  0.000003
           Maximum rank =  2   Radius =  0.650
                   Q00  =  -0.260596
|Q1| =   0.526807  Q10  =  -0.000003  Q11c =   0.526807  Q11s =  -0.000013
|Q2| =   0.683747  Q20  =  -0.341873  Q21c =  -0.000012  Q21s =   0.000001
                   Q22c =   0.592142  Q22s =  -0.000038

H          x =  1.549311  y =  0.110845  z =  1.014626
           Maximum rank =  2   Radius =  0.325
                   Q00  =   0.097439
|Q1| =   0.117999  Q10  =  -0.094442  Q11c =  -0.069986  Q11s =  -0.010315
|Q2| =   0.171881  Q20  =   0.137897  Q21c =   0.081204  Q21s =   0.032274
                   Q22c =   0.053039  Q22s =   0.008873

H          x =  1.549312  y =  0.823331  z = -0.603246
           Maximum rank =  2   Radius =  0.325
                   Q00  =   0.097443
|Q1| =   0.117995  Q10  =   0.056153  Q11c =  -0.069986  Q11s =  -0.076627
|Q2| =   0.171883  Q20  =  -0.027508  Q21c =  -0.048277  Q21s =  -0.142518
                   Q22c =  -0.042459  Q22s =   0.065896

H          x =  1.549367  y = -0.934095  z = -0.411312
           Maximum rank =  2   Radius =  0.325
                   Q00  =   0.097438
|Q1| =   0.117995  Q10  =   0.038288  Q11c =  -0.069989  Q11s =   0.086940
|Q2| =   0.171887  Q20  =  -0.075897  Q21c =  -0.032924  Q21s =   0.110250
                   Q22c =  -0.070388  Q22s =  -0.074776

Total multipoles
referred to origin at x =   0.000000,  y =    0.000000,  z =    0.000000
                   Q00  =   0.000000
|Q1| =   1.624977  Q10  =   0.000009  Q11c =   1.624977  Q11s =  -0.000004
|Q2| =   2.414021  Q20  =   1.206873  Q21c =   0.000074  Q21s =   0.000003
                   Q22c =  -2.090683  Q22s =   0.000075

CPU time used:      0m51.090s          Total:      0m51.090s

Finished at 14:33:9 on 21 Aug 2020  
