                                     G D M A

                                 by Anthony Stone

                           version 2.2.03, 21 June 2007

               Distributed Multipoles from Gaussian wavefunctions


Starting at 14:32:18 on 21 Aug 2020 

GDMA



Using SCF density matrix from file ../fchks/methanol_opt.chk.fchk


                         Distributed Multipole Analysis

Standard DMA for products of primitives with exponent greater than 4.00000
Using 80-point Euler-MacLaurin radial quadrature
Using 590-point Lebedev quadrature
Becke smoothing parameter = 3

Positions and radii in angstrom
Multipole moments in atomic units, ea_0^k for rank k

C          x = -0.665987  y = -0.020145  z = -0.000000
           Maximum rank =  2   Radius =  0.650
                   Q00  =   0.029997
|Q1| =   0.146110  Q11c =   0.131215  Q11s =   0.064270
|Q2| =   0.120374  Q20  =  -0.023780  Q22c =   0.081732  Q22s =   0.085113

O          x =  0.747619  y =  0.121739  z = -0.000000
           Maximum rank =  2   Radius =  0.650
                   Q00  =  -0.428524
|Q1| =   0.375760  Q11c =  -0.150647  Q11s =  -0.344240
|Q2| =   1.069020  Q20  =  -0.920920  Q22c =   0.187385  Q22s =  -0.509508

H          x = -1.023966  y = -0.542570  z =  0.888371
           Maximum rank =  2   Radius =  0.325
                   Q00  =   0.054570
|Q1| =   0.144452  Q10  =  -0.101323  Q11c =   0.077071  Q11s =   0.068264
|Q2| =   0.162868  Q20  =   0.074650  Q21c =  -0.055259  Q21s =  -0.124691
                   Q22c =   0.024107  Q22s =   0.042080

H          x = -1.023965  y = -0.542580  z = -0.888366
           Maximum rank =  2   Radius =  0.325
                   Q00  =   0.054570
|Q1| =   0.144452  Q10  =   0.101322  Q11c =   0.077071  Q11s =   0.068265
|Q2| =   0.162868  Q20  =   0.074648  Q21c =   0.055259  Q21s =   0.124693
                   Q22c =   0.024106  Q22s =   0.042080

H          x = -1.080076  y =  0.982908  z = -0.000006
           Maximum rank =  2   Radius =  0.325
                   Q00  =   0.072492
|Q1| =   0.134990  Q10  =   0.000001  Q11c =   0.088925  Q11s =  -0.101561
|Q2| =   0.164714  Q20  =  -0.123343  Q21s =  -0.000002  Q22c =  -0.081044
                   Q22s =  -0.073139

H          x =  1.142978  y = -0.750805  z =  0.000000
           Maximum rank =  2   Radius =  0.325
                   Q00  =   0.216896
|Q1| =   0.052617  Q11c =  -0.035225  Q11s =   0.039086
|Q2| =   0.172232  Q20  =  -0.127029  Q22c =  -0.052367  Q22s =  -0.103852

Total multipoles
referred to origin at x =   0.000000,  y =    0.000000,  z =    0.000000
                   Q00  =  -0.000000
|Q1| =   0.684225  Q11c =  -0.345428  Q11s =  -0.590630
|Q2| =   3.081075  Q20  =  -0.865791  Q21c =   0.000002  Q21s =  -0.000001
                   Q22c =  -0.509179  Q22s =  -2.912759

CPU time used:      0m42.332s          Total:      0m42.332s

Finished at 14:33:1 on 21 Aug 2020  
